0 verbose cli D:\node.exe D:\node_modules\npm\bin\npm-cli.js
1 info using npm@10.9.2
2 info using node@v22.15.0
3 silly config load:file:D:\node_modules\npm\npmrc
4 silly config load:file:E:\log ending code\.npmrc
5 silly config load:file:C:\Users\brant_fan\.npmrc
6 silly config load:file:C:\Users\brant_fan\npm-global\etc\npmrc
7 verbose title npm create vite@latest
8 verbose argv "create" "vite@latest"
9 verbose logfile logs-max:10 dir:E:\log ending code\è‡ªæˆ‘å‡ç´š\%USERPROFILE%\npm-cache\_logs\2025-06-10T08_12_07_721Z-
10 verbose logfile E:\log ending code\è‡ªæˆ‘å‡ç´š\%USERPROFILE%\npm-cache\_logs\2025-06-10T08_12_07_721Z-debug-0.log
11 silly logfile done cleaning log files
12 silly packumentCache heap:4345298944 maxSize:1086324736 maxEntrySize:543162368
13 http fetch GET 200 https://registry.npmjs.org/npm 348ms
14 http fetch GET 200 https://registry.npmjs.org/create-vite 822ms (cache miss)
15 silly packumentCache heap:4345298944 maxSize:1086324736 maxEntrySize:543162368
16 silly idealTree buildDeps
17 silly fetch manifest create-vite@6.5.0
18 silly packumentCache full:https://registry.npmjs.org/create-vite cache-miss
19 http fetch GET 200 https://registry.npmjs.org/create-vite 90ms (cache miss)
20 silly packumentCache full:https://registry.npmjs.org/create-vite set size:undefined disposed:false
21 silly placeDep ROOT create-vite@6.5.0 OK for:  want: 6.5.0
22 silly reify moves {}
23 silly audit bulk request { 'create-vite': [ '6.5.0' ] }
24 http cache create-vite@https://registry.npmjs.org/create-vite/-/create-vite-6.5.0.tgz 0ms (cache hit)
25 silly tarball no local data for create-vite@https://registry.npmjs.org/create-vite/-/create-vite-6.5.0.tgz. Extracting by manifest.
26 http fetch POST 200 https://registry.npmjs.org/-/npm/v1/security/advisories/bulk 247ms
27 silly audit report {}
28 http fetch GET 200 https://registry.npmjs.org/create-vite/-/create-vite-6.5.0.tgz 1716ms (cache miss)
29 verbose cwd E:\log ending code\è‡ªæˆ‘å‡ç´š
30 verbose os Windows_NT 10.0.22631
31 verbose node v22.15.0
32 verbose npm  v10.9.2
33 notice
33 notice New [31mmajor[39m version of npm available! [31m10.9.2[39m -> [34m11.4.1[39m
33 notice Changelog: [34mhttps://github.com/npm/cli/releases/tag/v11.4.1[39m
33 notice To update run: [4mnpm install -g npm@11.4.1[24m
33 notice  { force: true, [Symbol(proc-log.meta)]: true }
34 verbose exit 0
35 info ok
