0 verbose cli D:\node.exe D:\node_modules\npm\bin\npm-cli.js
1 info using npm@10.9.2
2 info using node@v22.15.0
3 silly config load:file:D:\node_modules\npm\npmrc
4 silly config load:file:E:\log ending code\.npmrc
5 silly config load:file:C:\Users\brant_fan\.npmrc
6 silly config load:file:C:\Users\brant_fan\npm-global\etc\npmrc
7 verbose title npm install
8 verbose argv "install"
9 verbose logfile logs-max:10 dir:E:\log ending code\自我升級\%USERPROFILE%\npm-cache\_logs\2025-06-10T08_15_13_657Z-
10 verbose logfile E:\log ending code\自我升級\%USERPROFILE%\npm-cache\_logs\2025-06-10T08_15_13_657Z-debug-0.log
11 silly logfile done cleaning log files
12 silly packumentCache heap:4345298944 maxSize:1086324736 maxEntrySize:543162368
13 silly idealTree buildDeps
14 silly reify moves {}
15 verbose stack Error: Could not read package.json: Error: ENOENT: no such file or directory, open 'E:\log ending code\package.json'
15 verbose stack     at async open (node:internal/fs/promises:633:25)
15 verbose stack     at async readFile (node:internal/fs/promises:1237:14)
15 verbose stack     at async read (D:\node_modules\npm\node_modules\@npmcli\package-json\lib\read-package.js:9:18)
15 verbose stack     at async PackageJson.load (D:\node_modules\npm\node_modules\@npmcli\package-json\lib\index.js:131:31)
15 verbose stack     at async PackageJson.normalize (D:\node_modules\npm\node_modules\@npmcli\package-json\lib\index.js:117:5)
15 verbose stack     at async runScript (D:\node_modules\npm\node_modules\@npmcli\run-script\lib\run-script.js:11:28)
15 verbose stack     at async Install.exec (D:\node_modules\npm\lib\commands\install.js:163:9)
15 verbose stack     at async Npm.exec (D:\node_modules\npm\lib\npm.js:207:9)
15 verbose stack     at async module.exports (D:\node_modules\npm\lib\cli\entry.js:74:5)
16 error code ENOENT
17 error syscall open
18 error path E:\log ending code\package.json
19 error errno -4058
20 error enoent Could not read package.json: Error: ENOENT: no such file or directory, open 'E:\log ending code\package.json'
21 error enoent This is related to npm not being able to find a file.
21 error enoent
22 verbose cwd E:\log ending code\自我升級
23 verbose os Windows_NT 10.0.22631
24 verbose node v22.15.0
25 verbose npm  v10.9.2
26 verbose exit -4058
27 verbose code -4058
28 error A complete log of this run can be found in: E:\log ending code\自我升級\%USERPROFILE%\npm-cache\_logs\2025-06-10T08_15_13_657Z-debug-0.log
